Build started 6/11/2015 7:08:22 PM.
     1>Project "C:\Users\Rob Bagott\Desktop\Unnamed_TBS_Project\TBS_Game\TBS_Game\TBS_Game.vcxproj" on node 2 (Build target(s)).
     1>ClCompile:
         C:\Program Files (x86)\Microsoft Visual Studio 12.0\VC\bin\CL.exe /c /I"C:\Users\Rob Bagott\Desktop\Unnamed_TBS_Project\TBS_Game\\SFML-2.3\include\\" /Z7 /nologo /W3 /WX- /Ox /Oi /Oy /GT /GL /D WIN32 /D NDEBUG /D _CONSOLE /D _LIB /D _UNICODE /D UNICODE /Gm- /EHsc /MD /GS /Gy /fp:precise /Zc:wchar_t /Zc:forScope /Fo"Release\\" /Fd"Release\vc120.pdb" /Gd /TP /analyze- /errorReport:prompt Game.cpp Hero.cpp InMapState.cpp Main.cpp MainMenu.cpp MapTile.cpp SplashScreen.cpp SpriteSheet.cpp TextureManager.cpp
         Game.cpp
     1>Game.cpp(22): warning C4305: 'argument' : truncation from 'double' to 'float'
         Hero.cpp
         InMapState.cpp
     1>InMapState.cpp(102): warning C4244: 'argument' : conversion from 'int' to 'float', possible loss of data
     1>InMapState.cpp(176): warning C4018: '>' : signed/unsigned mismatch
         Main.cpp
         MainMenu.cpp
     1>Done Building Project "C:\Users\Rob Bagott\Desktop\Unnamed_TBS_Project\TBS_Game\TBS_Game\TBS_Game.vcxproj" (Build target(s)) -- FAILED.

Build FAILED.

Time Elapsed 00:00:03.72
